<?xml version="1.0" encoding="UTF-8"?>
<!-- Generated by org.testng.reporters.JUnitXMLReporter -->
<testsuite hostname="DESKTOP-U08J37N" ignored="0" name="LoginTest" tests="1" failures="0" timestamp="2020-02-04T21:28:06 CET" time="0.05" errors="0">
  <testcase name="@BeforeSuite setUp" time="2.529" classname="com.scname.base.TestBase">
    <failure type="java.lang.NoSuchMethodError" message="com.google.common.collect.ImmutableList.toImmutableList()Ljava/util/stream/Collector;">
      <![CDATA[java.lang.NoSuchMethodError: com.google.common.collect.ImmutableList.toImmutableList()Ljava/util/stream/Collector;
at org.openqa.selenium.chromium.ChromiumOptions.asMap(ChromiumOptions.java:241)
at org.openqa.selenium.remote.NewSessionPayload.create(NewSessionPayload.java:94)
at org.openqa.selenium.remote.ProtocolHandshake.createSession(ProtocolHandshake.java:69)
at org.openqa.selenium.remote.HttpCommandExecutor.execute(HttpCommandExecutor.java:139)
at org.openqa.selenium.remote.service.DriverCommandExecutor.execute(DriverCommandExecutor.java:83)
at org.openqa.selenium.remote.RemoteWebDriver.execute(RemoteWebDriver.java:582)
at org.openqa.selenium.remote.RemoteWebDriver.startSession(RemoteWebDriver.java:216)
at org.openqa.selenium.remote.RemoteWebDriver.<init>(RemoteWebDriver.java:136)
at org.openqa.selenium.chromium.ChromiumDriver.<init>(ChromiumDriver.java:75)
at org.openqa.selenium.chrome.ChromeDriver.<init>(ChromeDriver.java:163)
at org.openqa.selenium.chrome.ChromeDriver.<init>(ChromeDriver.java:150)
at org.openqa.selenium.chrome.ChromeDriver.<init>(ChromeDriver.java:105)
at com.scname.base.TestBase.setUp(TestBase.java:76)
... Removed 19 stack frames]]>
    </failure>
  </testcase> <!-- @BeforeSuite setUp -->
  <testcase name="LoginAsBankManager" time="0.0" classname="com.scname.testcases.LoginTest">
    <skipped/>
  </testcase> <!-- LoginAsBankManager -->
</testsuite> <!-- LoginTest -->
