<?xml version="1.0" encoding="UTF-8"?>
<testng-results skipped="0" failed="0" ignored="0" total="1" passed="1">
  <reporter-output>
  </reporter-output>
  <suite name="Default suite" duration-ms="142" started-at="2020-02-04T22:11:03 CET" finished-at="2020-02-04T22:11:03 CET">
    <groups>
    </groups>
    <test name="Default test" duration-ms="142" started-at="2020-02-04T22:11:03 CET" finished-at="2020-02-04T22:11:03 CET">
      <class name="com.scname.testcases.LoginTest">
        <test-method status="PASS" signature="setUp()[pri:0, instance:com.scname.testcases.LoginTest@58c1670b]" name="setUp" is-config="true" duration-ms="15442" started-at="2020-02-04T22:10:47 CET" finished-at="2020-02-04T22:11:03 CET">
          <reporter-output>
          </reporter-output>
        </test-method> <!-- setUp -->
        <test-method status="PASS" signature="LoginAsBankManager()[pri:0, instance:com.scname.testcases.LoginTest@58c1670b]" name="LoginAsBankManager" duration-ms="101" started-at="2020-02-04T22:11:03 CET" finished-at="2020-02-04T22:11:03 CET">
          <reporter-output>
          </reporter-output>
        </test-method> <!-- LoginAsBankManager -->
        <test-method status="PASS" signature="tearDown()[pri:0, instance:com.scname.testcases.LoginTest@58c1670b]" name="tearDown" is-config="true" duration-ms="957" started-at="2020-02-04T22:11:03 CET" finished-at="2020-02-04T22:11:04 CET">
          <reporter-output>
          </reporter-output>
        </test-method> <!-- tearDown -->
      </class> <!-- com.scname.testcases.LoginTest -->
    </test> <!-- Default test -->
  </suite> <!-- Default suite -->
</testng-results>
